<?xml version="1.0" encoding="UTF-8"?>
<!-- Generated by org.testng.reporters.JUnitReportReporter -->
<testsuite hostname="Sid" failures="0" tests="1" name="test.TestClass" time="119.510" errors="0" timestamp="2021-08-05T15:43:31 IST" skipped="0">
  <testcase classname="test.TestClass" name="creditcard" time="119.510"/>
  <system-out/>
</testsuite> <!-- test.TestClass -->
